生成启动时间为 2016/8/13 7:42:10。
     1>项目“C:\Users\Lerlove\Desktop\Tank\Tank\Tank.vcxproj”在节点 2 上(Build 个目标)。
     1>ClCompile:
         D:\Program Files\visual studio2013\VC\bin\CL.exe /c /ZI /nologo /W3 /WX- /sdl /Od /Oy- /D WIN32 /D _DEBUG /D _WINDOWS /D _UNICODE /D UNICODE /Gm /EHsc /RTC1 /MDd /GS /fp:precise /Zc:wchar_t /Zc:forScope /Yu"stdafx.h" /Fp"Debug\Tank.pch" /Fo"Debug\\" /Fd"Debug\vc120.pdb" /Gd /TP /analyze- /errorReport:prompt Tank.cpp
         Tank.cpp
     1>c:\users\lerlove\desktop\tank\tank\tank.cpp(123): warning C4804: “<=”: 在操作中使用类型“bool”不安全
     1>c:\users\lerlove\desktop\tank\tank\tank.cpp(49): warning C4101: “hAccelTable”: 未引用的局部变量
       Link:
         D:\Program Files\visual studio2013\VC\bin\link.exe /ERRORREPORT:PROMPT /OUT:"C:\Users\Lerlove\Desktop\Tank\Debug\Tank.exe" /INCREMENTAL /NOLOGO kernel32.lib user32.lib gdi32.lib winspool.lib comdlg32.lib advapi32.lib shell32.lib ole32.lib oleaut32.lib uuid.lib odbc32.lib odbccp32.lib /MANIFEST /MANIFESTUAC:"level='asInvoker' uiAccess='false'" /manifest:embed /DEBUG /PDB:"C:\Users\Lerlove\Desktop\Tank\Debug\Tank.pdb" /SUBSYSTEM:WINDOWS /TLBID:1 /DYNAMICBASE /NXCOMPAT /IMPLIB:"C:\Users\Lerlove\Desktop\Tank\Debug\Tank.lib" /MACHINE:X86 Debug\Tank.res
         Debug\Bullet.obj
         Debug\EnemyTank.obj
         Debug\FTank.obj
         Debug\GameManage.obj
         Debug\GlobF.obj
         Debug\GlobV.obj
         Debug\Map.obj
         Debug\MyTank.obj
         Debug\Object.obj
         Debug\stdafx.obj
         Debug\Tank.obj
         Tank.vcxproj -> C:\Users\Lerlove\Desktop\Tank\Debug\Tank.exe
     1>已完成生成项目“C:\Users\Lerlove\Desktop\Tank\Tank\Tank.vcxproj”(Build 个目标)的操作。

生成成功。

已用时间 00:00:02.90
